<?xml version="1.0" encoding="UTF-8"?>
<testng-results ignored="0" total="1" passed="1" failed="0" skipped="0">
  <reporter-output>
  </reporter-output>
  <suite started-at="2022-05-10T20:37:59 IST" name="Default suite" finished-at="2022-05-10T20:38:01 IST" duration-ms="1430">
    <groups>
    </groups>
    <test started-at="2022-05-10T20:37:59 IST" name="Default test" finished-at="2022-05-10T20:38:01 IST" duration-ms="1430">
      <class name="Tutorial1.getDemo7">
        <test-method signature="abc()[pri:0, instance:Tutorial1.getDemo7@6b19b79]" started-at="2022-05-10T20:37:59 IST" name="abc" finished-at="2022-05-10T20:38:01 IST" duration-ms="1384" status="PASS">
          <reporter-output>
          </reporter-output>
        </test-method> <!-- abc -->
      </class> <!-- Tutorial1.getDemo7 -->
    </test> <!-- Default test -->
  </suite> <!-- Default suite -->
</testng-results>
